2025-04-23 15:26:19,061 - INFO - Successfully read the YAML file from: config/config.yaml
2025-04-23 15:26:19,062 - INFO - Data Ingestion Started....
2025-04-23 15:26:19,062 - INFO - Starting Data Ingestion Process....
2025-04-23 15:26:23,656 - ERROR - Error while downloading data from GCP
2025-04-23 15:26:23,656 - ERROR - Original exception: 403 GET https://storage.googleapis.com/download/storage/v1/b/mlops-project-2/o/anime.csv?alt=media: recommender-system@double-vision-456416-a6.iam.gserviceaccount.com does not have storage.objects.get access to the Google Cloud Storage object. Permission &#39;storage.objects.get&#39; denied on resource (or it may not exist).: ('Request failed with status code', 403, 'Expected one of', <HTTPStatus.OK: 200>, <HTTPStatus.PARTIAL_CONTENT: 206>)
2025-04-23 15:26:23,656 - ERROR - CustomException : Error in D:\MLOPS-proj-2\src\data_ingestion.py , line 39 : Failed to download data
2025-04-23 15:26:23,656 - INFO - Data Ingestion DONE...
2025-04-23 15:36:52,719 - INFO - Successfully read the YAML file from: config/config.yaml
2025-04-23 15:36:52,719 - INFO - Data Ingestion Started....
2025-04-23 15:36:52,719 - INFO - Starting Data Ingestion Process....
2025-04-23 15:37:03,163 - INFO - Downloading Smaller Files ie anime and anime_with synopsis
2025-04-23 15:37:07,281 - INFO - Downloading Smaller Files ie anime and anime_with synopsis
2025-04-23 16:23:46,962 - ERROR - Error while downloading data from GCP
2025-04-23 16:23:46,964 - ERROR - Original exception: Timeout of 120.0s exceeded, last exception: ('Connection broken: IncompleteRead(391810570 bytes read, 1639247737 more expected)', IncompleteRead(391810570 bytes read, 1639247737 more expected))
2025-04-23 16:23:47,082 - ERROR - CustomException : Error in D:\MLOPS-proj-2\src\data_ingestion.py , line 32 : Failed to download data
2025-04-23 16:23:47,082 - INFO - Data Ingestion DONE...
2025-04-23 16:49:13,367 - INFO - Successfully read the YAML file from: config/config.yaml
2025-04-23 16:49:13,368 - INFO - Data Ingestion Started....
2025-04-23 16:49:13,368 - INFO - Starting Data Ingestion Process....
2025-04-23 16:49:18,740 - INFO - Downloading Smaller Files ie anime and anime_with synopsis
2025-04-23 16:49:23,033 - INFO - Downloading Smaller Files ie anime and anime_with synopsis
